2019-09-11T09:17:10+00:00 CRITICAL Uncaught Error: Call to undefined function loginlogout() in /var/www/html/kitchens2tables/wp-content/themes/porto-child/header/header_18.php:118
Stack trace:
#0 /var/www/html/kitchens2tables/wp-includes/template.php(690): require()
#1 /var/www/html/kitchens2tables/wp-includes/template.php(647): load_template('/var/www/html/k...', false)
#2 /var/www/html/kitchens2tables/wp-includes/general-template.php(155): locate_template(Array, true, false)
#3 /var/www/html/kitchens2tables/wp-content/themes/porto/header/header.php(8): get_template_part('header/header_1...')
#4 /var/www/html/kitchens2tables/wp-includes/template.php(690): require('/var/www/html/k...')
#5 /var/www/html/kitchens2tables/wp-includes/template.php(647): load_template('/var/www/html/k...', false)
#6 /var/www/html/kitchens2tables/wp-includes/general-template.php(155): locate_template(Array, true, false)
#7 /var/www/html/kitchens2tables/wp-content/themes/porto/header.php(113): get_template_part('header/header')
#8 /var/www/html/kitchens2tables/wp-incl in /var/www/html/kitchens2tables/wp-content/themes/porto-child/header/header_18.php on line 118

2019-09-11T09:20:51+00:00 CRITICAL Uncaught Error: Call to undefined function loginlogout() in /var/www/html/kitchens2tables/wp-content/themes/porto-child/header/header_18.php:118
Stack trace:
#0 /var/www/html/kitchens2tables/wp-includes/template.php(690): require()
#1 /var/www/html/kitchens2tables/wp-includes/template.php(647): load_template('/var/www/html/k...', false)
#2 /var/www/html/kitchens2tables/wp-includes/general-template.php(155): locate_template(Array, true, false)
#3 /var/www/html/kitchens2tables/wp-content/themes/porto/header/header.php(8): get_template_part('header/header_1...')
#4 /var/www/html/kitchens2tables/wp-includes/template.php(690): require('/var/www/html/k...')
#5 /var/www/html/kitchens2tables/wp-includes/template.php(647): load_template('/var/www/html/k...', false)
#6 /var/www/html/kitchens2tables/wp-includes/general-template.php(155): locate_template(Array, true, false)
#7 /var/www/html/kitchens2tables/wp-content/themes/porto/header.php(113): get_template_part('header/header')
#8 /var/www/html/kitchens2tables/wp-incl in /var/www/html/kitchens2tables/wp-content/themes/porto-child/header/header_18.php on line 118

